<?xml version="1.0" encoding="UTF-8"?>
<!-- Generated by org.testng.reporters.JUnitReportReporter -->
<testsuite hostname="DESKTOP-AIVC6KI" failures="0" tests="1" name="WebDriverTest" time="38.195" errors="0" timestamp="2021-11-14T15:04:25 MSK" skipped="0">
  <testcase classname="WebDriverTest" name="main" time="38.195"/>
  <system-out/>
</testsuite> <!-- WebDriverTest -->
